mode: set
github.com/central-university-dev/2024-spring-ab-go-hw-3-vlasashk/internal/server/server.go:19.59,25.16 5 1
github.com/central-university-dev/2024-spring-ab-go-hw-3-vlasashk/internal/server/server.go:25.16,27.3 1 0
github.com/central-university-dev/2024-spring-ab-go-hw-3-vlasashk/internal/server/server.go:29.2,31.20 2 1
github.com/central-university-dev/2024-spring-ab-go-hw-3-vlasashk/internal/server/server.go:31.20,33.86 2 1
github.com/central-university-dev/2024-spring-ab-go-hw-3-vlasashk/internal/server/server.go:33.86,35.4 1 0
github.com/central-university-dev/2024-spring-ab-go-hw-3-vlasashk/internal/server/server.go:36.3,36.13 1 0
github.com/central-university-dev/2024-spring-ab-go-hw-3-vlasashk/internal/server/server.go:39.2,46.45 5 1
github.com/central-university-dev/2024-spring-ab-go-hw-3-vlasashk/internal/server/server.go:46.45,48.3 1 0
github.com/central-university-dev/2024-spring-ab-go-hw-3-vlasashk/internal/server/server.go:50.2,50.32 1 0
github.com/central-university-dev/2024-spring-ab-go-hw-3-vlasashk/internal/server/server.go:50.32,52.3 1 0
github.com/central-university-dev/2024-spring-ab-go-hw-3-vlasashk/internal/server/server.go:53.2,55.12 2 0
github.com/central-university-dev/2024-spring-ab-go-hw-3-vlasashk/internal/server/adapters/manager/manager.go:23.39,30.2 1 1
github.com/central-university-dev/2024-spring-ab-go-hw-3-vlasashk/internal/server/adapters/manager/manager.go:32.46,37.2 3 1
github.com/central-university-dev/2024-spring-ab-go-hw-3-vlasashk/internal/server/adapters/manager/manager.go:39.73,43.43 3 1
github.com/central-university-dev/2024-spring-ab-go-hw-3-vlasashk/internal/server/adapters/manager/manager.go:43.43,45.3 1 0
github.com/central-university-dev/2024-spring-ab-go-hw-3-vlasashk/internal/server/adapters/manager/manager.go:46.2,46.12 1 1
github.com/central-university-dev/2024-spring-ab-go-hw-3-vlasashk/internal/server/adapters/manager/manager.go:49.48,53.36 3 1
github.com/central-university-dev/2024-spring-ab-go-hw-3-vlasashk/internal/server/adapters/manager/manager.go:53.36,55.3 1 0
github.com/central-university-dev/2024-spring-ab-go-hw-3-vlasashk/internal/server/adapters/manager/manager.go:56.2,56.24 1 1
github.com/central-university-dev/2024-spring-ab-go-hw-3-vlasashk/internal/server/adapters/manager/manager.go:60.72,62.31 2 1
github.com/central-university-dev/2024-spring-ab-go-hw-3-vlasashk/internal/server/adapters/manager/manager.go:62.31,64.3 1 1
github.com/central-university-dev/2024-spring-ab-go-hw-3-vlasashk/internal/server/adapters/manager/manager.go:65.2,65.13 1 1
github.com/central-university-dev/2024-spring-ab-go-hw-3-vlasashk/internal/server/adapters/manager/manager.go:68.80,69.6 1 1
github.com/central-university-dev/2024-spring-ab-go-hw-3-vlasashk/internal/server/adapters/manager/manager.go:69.6,70.10 1 1
github.com/central-university-dev/2024-spring-ab-go-hw-3-vlasashk/internal/server/adapters/manager/manager.go:71.21,73.10 2 0
github.com/central-university-dev/2024-spring-ab-go-hw-3-vlasashk/internal/server/adapters/manager/manager.go:74.30,75.11 1 1
github.com/central-university-dev/2024-spring-ab-go-hw-3-vlasashk/internal/server/adapters/manager/manager.go:75.11,78.5 2 0
github.com/central-university-dev/2024-spring-ab-go-hw-3-vlasashk/internal/server/adapters/manager/manager.go:79.4,80.31 2 1
github.com/central-university-dev/2024-spring-ab-go-hw-3-vlasashk/internal/server/adapters/manager/manager.go:80.31,81.48 1 1
github.com/central-university-dev/2024-spring-ab-go-hw-3-vlasashk/internal/server/adapters/manager/manager.go:81.48,83.6 1 0
github.com/central-university-dev/2024-spring-ab-go-hw-3-vlasashk/internal/server/adapters/manager/manager.go:85.4,85.18 1 1
github.com/central-university-dev/2024-spring-ab-go-hw-3-vlasashk/internal/server/adapters/rediska/client.go:20.56,34.2 2 1
github.com/central-university-dev/2024-spring-ab-go-hw-3-vlasashk/internal/server/adapters/rediska/client.go:36.69,43.16 5 1
github.com/central-university-dev/2024-spring-ab-go-hw-3-vlasashk/internal/server/adapters/rediska/client.go:43.16,45.3 1 0
github.com/central-university-dev/2024-spring-ab-go-hw-3-vlasashk/internal/server/adapters/rediska/client.go:47.2,47.12 1 1
github.com/central-university-dev/2024-spring-ab-go-hw-3-vlasashk/internal/server/adapters/rediska/client.go:50.74,54.16 3 1
github.com/central-university-dev/2024-spring-ab-go-hw-3-vlasashk/internal/server/adapters/rediska/client.go:54.16,56.3 1 0
github.com/central-university-dev/2024-spring-ab-go-hw-3-vlasashk/internal/server/adapters/rediska/client.go:57.2,57.25 1 1
github.com/central-university-dev/2024-spring-ab-go-hw-3-vlasashk/internal/server/adapters/rediska/client.go:57.25,60.17 3 1
github.com/central-university-dev/2024-spring-ab-go-hw-3-vlasashk/internal/server/adapters/rediska/client.go:60.17,62.4 1 0
github.com/central-university-dev/2024-spring-ab-go-hw-3-vlasashk/internal/server/adapters/rediska/client.go:63.3,63.25 1 1
github.com/central-university-dev/2024-spring-ab-go-hw-3-vlasashk/internal/server/adapters/rediska/client.go:66.2,68.17 2 1
github.com/central-university-dev/2024-spring-ab-go-hw-3-vlasashk/internal/server/ports/httpchi/handlers.go:23.42,25.3 1 1
github.com/central-university-dev/2024-spring-ab-go-hw-3-vlasashk/internal/server/ports/httpchi/handlers.go:28.58,32.2 1 1
github.com/central-university-dev/2024-spring-ab-go-hw-3-vlasashk/internal/server/ports/httpchi/handlers.go:34.88,36.54 2 1
github.com/central-university-dev/2024-spring-ab-go-hw-3-vlasashk/internal/server/ports/httpchi/handlers.go:36.54,40.17 3 1
github.com/central-university-dev/2024-spring-ab-go-hw-3-vlasashk/internal/server/ports/httpchi/handlers.go:40.17,43.4 2 0
github.com/central-university-dev/2024-spring-ab-go-hw-3-vlasashk/internal/server/ports/httpchi/handlers.go:45.3,45.41 1 1
github.com/central-university-dev/2024-spring-ab-go-hw-3-vlasashk/internal/server/ports/httpchi/handlers.go:49.118,56.15 6 1
github.com/central-university-dev/2024-spring-ab-go-hw-3-vlasashk/internal/server/ports/httpchi/handlers.go:56.15,59.3 2 1
github.com/central-university-dev/2024-spring-ab-go-hw-3-vlasashk/internal/server/ports/httpchi/handlers.go:61.2,62.16 2 1
github.com/central-university-dev/2024-spring-ab-go-hw-3-vlasashk/internal/server/ports/httpchi/handlers.go:62.16,65.3 2 0
github.com/central-university-dev/2024-spring-ab-go-hw-3-vlasashk/internal/server/ports/httpchi/handlers.go:67.2,69.6 3 1
github.com/central-university-dev/2024-spring-ab-go-hw-3-vlasashk/internal/server/ports/httpchi/handlers.go:69.6,70.10 1 1
github.com/central-university-dev/2024-spring-ab-go-hw-3-vlasashk/internal/server/ports/httpchi/handlers.go:71.21,73.10 2 0
github.com/central-university-dev/2024-spring-ab-go-hw-3-vlasashk/internal/server/ports/httpchi/handlers.go:74.29,76.11 1 1
github.com/central-university-dev/2024-spring-ab-go-hw-3-vlasashk/internal/server/ports/httpchi/handlers.go:76.11,79.5 2 1
github.com/central-university-dev/2024-spring-ab-go-hw-3-vlasashk/internal/server/ports/httpchi/handlers.go:81.4,82.52 2 1
github.com/central-university-dev/2024-spring-ab-go-hw-3-vlasashk/internal/server/ports/httpchi/handlers.go:82.52,84.13 2 0
github.com/central-university-dev/2024-spring-ab-go-hw-3-vlasashk/internal/server/ports/httpchi/handlers.go:86.4,88.73 2 1
github.com/central-university-dev/2024-spring-ab-go-hw-3-vlasashk/internal/server/ports/httpchi/handlers.go:88.73,90.13 2 0
github.com/central-university-dev/2024-spring-ab-go-hw-3-vlasashk/internal/server/ports/httpchi/handlers.go:92.4,94.14 2 1
github.com/central-university-dev/2024-spring-ab-go-hw-3-vlasashk/internal/server/ports/httpchi/handlers.go:94.14,95.12 1 1
github.com/central-university-dev/2024-spring-ab-go-hw-3-vlasashk/internal/server/ports/httpchi/handlers.go:96.23,97.12 1 0
github.com/central-university-dev/2024-spring-ab-go-hw-3-vlasashk/internal/server/ports/httpchi/handlers.go:98.27,99.12 1 1
github.com/central-university-dev/2024-spring-ab-go-hw-3-vlasashk/internal/server/ports/httpchi/handlers.go:106.99,108.48 2 1
github.com/central-university-dev/2024-spring-ab-go-hw-3-vlasashk/internal/server/ports/httpchi/handlers.go:108.48,110.3 1 0
github.com/central-university-dev/2024-spring-ab-go-hw-3-vlasashk/internal/server/ports/httpchi/handlers.go:112.2,113.32 2 1
github.com/central-university-dev/2024-spring-ab-go-hw-3-vlasashk/internal/server/ports/httpchi/handlers.go:113.32,115.3 1 0
github.com/central-university-dev/2024-spring-ab-go-hw-3-vlasashk/internal/server/ports/httpchi/handlers.go:117.2,117.57 1 1
github.com/central-university-dev/2024-spring-ab-go-hw-3-vlasashk/internal/server/ports/httpchi/handlers.go:120.102,122.16 2 1
github.com/central-university-dev/2024-spring-ab-go-hw-3-vlasashk/internal/server/ports/httpchi/handlers.go:122.16,124.3 1 0
github.com/central-university-dev/2024-spring-ab-go-hw-3-vlasashk/internal/server/ports/httpchi/handlers.go:126.2,127.16 2 1
github.com/central-university-dev/2024-spring-ab-go-hw-3-vlasashk/internal/server/ports/httpchi/handlers.go:127.16,129.3 1 0
github.com/central-university-dev/2024-spring-ab-go-hw-3-vlasashk/internal/server/ports/httpchi/handlers.go:130.2,133.16 3 1
github.com/central-university-dev/2024-spring-ab-go-hw-3-vlasashk/internal/server/ports/httpchi/handlers.go:133.16,135.3 1 0
github.com/central-university-dev/2024-spring-ab-go-hw-3-vlasashk/internal/server/ports/httpchi/handlers.go:136.2,139.61 3 1
github.com/central-university-dev/2024-spring-ab-go-hw-3-vlasashk/internal/server/ports/httpchi/handlers.go:139.61,141.3 1 0
github.com/central-university-dev/2024-spring-ab-go-hw-3-vlasashk/internal/server/ports/httpchi/handlers.go:143.2,143.27 1 1
github.com/central-university-dev/2024-spring-ab-go-hw-3-vlasashk/internal/server/ports/httpchi/handlers.go:146.135,148.16 2 1
github.com/central-university-dev/2024-spring-ab-go-hw-3-vlasashk/internal/server/ports/httpchi/handlers.go:148.16,151.3 2 0
github.com/central-university-dev/2024-spring-ab-go-hw-3-vlasashk/internal/server/ports/httpchi/handlers.go:153.2,153.37 1 1
github.com/central-university-dev/2024-spring-ab-go-hw-3-vlasashk/internal/server/ports/httpchi/handlers.go:153.37,154.47 1 1
github.com/central-university-dev/2024-spring-ab-go-hw-3-vlasashk/internal/server/ports/httpchi/handlers.go:154.47,156.4 1 0
github.com/central-university-dev/2024-spring-ab-go-hw-3-vlasashk/internal/server/ports/httpchi/handlers.go:160.148,162.16 2 1
github.com/central-university-dev/2024-spring-ab-go-hw-3-vlasashk/internal/server/ports/httpchi/handlers.go:162.16,164.3 1 0
github.com/central-university-dev/2024-spring-ab-go-hw-3-vlasashk/internal/server/ports/httpchi/handlers.go:166.2,171.51 5 1
github.com/central-university-dev/2024-spring-ab-go-hw-3-vlasashk/internal/server/ports/httpchi/handlers.go:171.51,173.3 1 0
github.com/central-university-dev/2024-spring-ab-go-hw-3-vlasashk/internal/server/ports/httpchi/handlers.go:174.2,176.12 2 1
github.com/central-university-dev/2024-spring-ab-go-hw-3-vlasashk/internal/server/ports/httpchi/router.go:13.82,19.2 2 1
github.com/central-university-dev/2024-spring-ab-go-hw-3-vlasashk/internal/server/ports/httpchi/router.go:21.82,31.2 9 1
github.com/central-university-dev/2024-spring-ab-go-hw-3-vlasashk/internal/server/resources/resources.go:22.73,24.16 2 1
github.com/central-university-dev/2024-spring-ab-go-hw-3-vlasashk/internal/server/resources/resources.go:24.16,26.3 1 0
github.com/central-university-dev/2024-spring-ab-go-hw-3-vlasashk/internal/server/resources/resources.go:28.2,36.16 3 1
github.com/central-university-dev/2024-spring-ab-go-hw-3-vlasashk/internal/server/resources/resources.go:36.16,38.3 1 0
github.com/central-university-dev/2024-spring-ab-go-hw-3-vlasashk/internal/server/resources/resources.go:39.2,41.18 2 1
github.com/central-university-dev/2024-spring-ab-go-hw-3-vlasashk/internal/storage/storage.go:19.63,27.16 6 1
github.com/central-university-dev/2024-spring-ab-go-hw-3-vlasashk/internal/storage/storage.go:27.16,29.3 1 0
github.com/central-university-dev/2024-spring-ab-go-hw-3-vlasashk/internal/storage/storage.go:30.2,31.16 2 1
github.com/central-university-dev/2024-spring-ab-go-hw-3-vlasashk/internal/storage/storage.go:31.16,33.3 1 0
github.com/central-university-dev/2024-spring-ab-go-hw-3-vlasashk/internal/storage/storage.go:34.2,35.16 2 1
github.com/central-university-dev/2024-spring-ab-go-hw-3-vlasashk/internal/storage/storage.go:35.16,37.3 1 0
github.com/central-university-dev/2024-spring-ab-go-hw-3-vlasashk/internal/storage/storage.go:38.2,39.16 2 1
github.com/central-university-dev/2024-spring-ab-go-hw-3-vlasashk/internal/storage/storage.go:39.16,41.3 1 0
github.com/central-university-dev/2024-spring-ab-go-hw-3-vlasashk/internal/storage/storage.go:43.2,44.20 2 1
github.com/central-university-dev/2024-spring-ab-go-hw-3-vlasashk/internal/storage/storage.go:44.20,46.93 2 1
github.com/central-university-dev/2024-spring-ab-go-hw-3-vlasashk/internal/storage/storage.go:46.93,48.4 1 0
github.com/central-university-dev/2024-spring-ab-go-hw-3-vlasashk/internal/storage/storage.go:49.3,49.13 1 0
github.com/central-university-dev/2024-spring-ab-go-hw-3-vlasashk/internal/storage/storage.go:51.2,51.20 1 1
github.com/central-university-dev/2024-spring-ab-go-hw-3-vlasashk/internal/storage/storage.go:51.20,53.86 2 1
github.com/central-university-dev/2024-spring-ab-go-hw-3-vlasashk/internal/storage/storage.go:53.86,55.4 1 0
github.com/central-university-dev/2024-spring-ab-go-hw-3-vlasashk/internal/storage/storage.go:56.3,56.13 1 0
github.com/central-university-dev/2024-spring-ab-go-hw-3-vlasashk/internal/storage/storage.go:59.2,66.45 5 1
github.com/central-university-dev/2024-spring-ab-go-hw-3-vlasashk/internal/storage/storage.go:66.45,68.3 1 0
github.com/central-university-dev/2024-spring-ab-go-hw-3-vlasashk/internal/storage/storage.go:70.2,70.32 1 0
github.com/central-university-dev/2024-spring-ab-go-hw-3-vlasashk/internal/storage/storage.go:70.32,72.3 1 0
github.com/central-university-dev/2024-spring-ab-go-hw-3-vlasashk/internal/storage/storage.go:73.2,75.12 2 0
github.com/central-university-dev/2024-spring-ab-go-hw-3-vlasashk/internal/storage/adapters/pgrepo/connection.go:25.91,33.16 5 1
github.com/central-university-dev/2024-spring-ab-go-hw-3-vlasashk/internal/storage/adapters/pgrepo/connection.go:33.16,35.3 1 0
github.com/central-university-dev/2024-spring-ab-go-hw-3-vlasashk/internal/storage/adapters/pgrepo/connection.go:37.2,40.16 3 1
github.com/central-university-dev/2024-spring-ab-go-hw-3-vlasashk/internal/storage/adapters/pgrepo/connection.go:40.16,42.3 1 0
github.com/central-university-dev/2024-spring-ab-go-hw-3-vlasashk/internal/storage/adapters/pgrepo/connection.go:44.2,44.40 1 1
github.com/central-university-dev/2024-spring-ab-go-hw-3-vlasashk/internal/storage/adapters/pgrepo/connection.go:44.40,46.3 1 0
github.com/central-university-dev/2024-spring-ab-go-hw-3-vlasashk/internal/storage/adapters/pgrepo/connection.go:48.2,48.64 1 1
github.com/central-university-dev/2024-spring-ab-go-hw-3-vlasashk/internal/storage/adapters/pgrepo/connection.go:48.64,50.3 1 0
github.com/central-university-dev/2024-spring-ab-go-hw-3-vlasashk/internal/storage/adapters/pgrepo/connection.go:52.2,52.29 1 1
github.com/central-university-dev/2024-spring-ab-go-hw-3-vlasashk/internal/storage/adapters/pgrepo/connection.go:55.114,58.2 2 1
github.com/central-university-dev/2024-spring-ab-go-hw-3-vlasashk/internal/storage/adapters/pgrepo/connection.go:60.90,61.2 0 1
github.com/central-university-dev/2024-spring-ab-go-hw-3-vlasashk/internal/storage/adapters/pgrepo/repo.go:15.80,17.71 2 1
github.com/central-university-dev/2024-spring-ab-go-hw-3-vlasashk/internal/storage/adapters/pgrepo/repo.go:17.71,19.3 1 0
github.com/central-university-dev/2024-spring-ab-go-hw-3-vlasashk/internal/storage/adapters/pgrepo/repo.go:20.2,21.12 2 1
github.com/central-university-dev/2024-spring-ab-go-hw-3-vlasashk/internal/storage/adapters/pgrepo/repo.go:24.77,27.84 3 1
github.com/central-university-dev/2024-spring-ab-go-hw-3-vlasashk/internal/storage/adapters/pgrepo/repo.go:27.84,29.3 1 0
github.com/central-university-dev/2024-spring-ab-go-hw-3-vlasashk/internal/storage/adapters/pgrepo/repo.go:30.2,31.20 2 1
github.com/central-university-dev/2024-spring-ab-go-hw-3-vlasashk/internal/storage/adapters/processor/processor.go:19.100,25.2 1 1
github.com/central-university-dev/2024-spring-ab-go-hw-3-vlasashk/internal/storage/adapters/processor/processor.go:27.62,28.6 1 1
github.com/central-university-dev/2024-spring-ab-go-hw-3-vlasashk/internal/storage/adapters/processor/processor.go:28.6,29.10 1 1
github.com/central-university-dev/2024-spring-ab-go-hw-3-vlasashk/internal/storage/adapters/processor/processor.go:30.21,31.14 1 0
github.com/central-university-dev/2024-spring-ab-go-hw-3-vlasashk/internal/storage/adapters/processor/processor.go:32.41,33.11 1 1
github.com/central-university-dev/2024-spring-ab-go-hw-3-vlasashk/internal/storage/adapters/processor/processor.go:33.11,35.5 1 0
github.com/central-university-dev/2024-spring-ab-go-hw-3-vlasashk/internal/storage/adapters/processor/processor.go:36.4,37.62 2 1
github.com/central-university-dev/2024-spring-ab-go-hw-3-vlasashk/internal/storage/adapters/processor/processor.go:37.62,39.56 2 0
github.com/central-university-dev/2024-spring-ab-go-hw-3-vlasashk/internal/storage/adapters/processor/processor.go:39.56,42.6 2 0
github.com/central-university-dev/2024-spring-ab-go-hw-3-vlasashk/internal/storage/adapters/processor/processor.go:43.5,43.13 1 0
github.com/central-university-dev/2024-spring-ab-go-hw-3-vlasashk/internal/storage/adapters/processor/processor.go:46.4,46.27 1 1
github.com/central-university-dev/2024-spring-ab-go-hw-3-vlasashk/internal/storage/adapters/processor/processor.go:46.27,48.57 2 0
github.com/central-university-dev/2024-spring-ab-go-hw-3-vlasashk/internal/storage/adapters/processor/processor.go:48.57,50.6 1 0
github.com/central-university-dev/2024-spring-ab-go-hw-3-vlasashk/internal/storage/adapters/processor/processor.go:51.5,51.13 1 0
github.com/central-university-dev/2024-spring-ab-go-hw-3-vlasashk/internal/storage/adapters/processor/processor.go:54.4,54.79 1 1
github.com/central-university-dev/2024-spring-ab-go-hw-3-vlasashk/internal/storage/adapters/processor/processor.go:54.79,56.5 1 0
github.com/central-university-dev/2024-spring-ab-go-hw-3-vlasashk/internal/storage/adapters/processor/processor.go:57.4,57.56 1 1
github.com/central-university-dev/2024-spring-ab-go-hw-3-vlasashk/internal/storage/adapters/processor/processor.go:57.56,59.5 1 0
github.com/central-university-dev/2024-spring-ab-go-hw-3-vlasashk/internal/storage/ports/httpchi/server.go:17.87,33.2 9 1
github.com/central-university-dev/2024-spring-ab-go-hw-3-vlasashk/internal/storage/ports/httpchi/server.go:35.58,39.2 1 1
github.com/central-university-dev/2024-spring-ab-go-hw-3-vlasashk/internal/storage/ports/httpchi/server.go:41.104,42.54 1 1
github.com/central-university-dev/2024-spring-ab-go-hw-3-vlasashk/internal/storage/ports/httpchi/server.go:42.54,44.61 2 1
github.com/central-university-dev/2024-spring-ab-go-hw-3-vlasashk/internal/storage/ports/httpchi/server.go:44.61,49.4 4 0
github.com/central-university-dev/2024-spring-ab-go-hw-3-vlasashk/internal/storage/ports/httpchi/server.go:51.3,52.17 2 1
github.com/central-university-dev/2024-spring-ab-go-hw-3-vlasashk/internal/storage/ports/httpchi/server.go:52.17,57.4 4 0
github.com/central-university-dev/2024-spring-ab-go-hw-3-vlasashk/internal/storage/ports/httpchi/server.go:59.3,61.26 3 1
github.com/central-university-dev/2024-spring-ab-go-hw-3-vlasashk/internal/storage/resources/container.go:30.23,37.2 1 1
github.com/central-university-dev/2024-spring-ab-go-hw-3-vlasashk/internal/storage/resources/container.go:39.62,40.14 1 1
github.com/central-university-dev/2024-spring-ab-go-hw-3-vlasashk/internal/storage/resources/container.go:40.14,42.3 1 1
github.com/central-university-dev/2024-spring-ab-go-hw-3-vlasashk/internal/storage/resources/container.go:43.2,43.22 1 1
github.com/central-university-dev/2024-spring-ab-go-hw-3-vlasashk/internal/storage/resources/container.go:43.22,45.3 1 0
github.com/central-university-dev/2024-spring-ab-go-hw-3-vlasashk/internal/storage/resources/container.go:46.2,46.21 1 1
github.com/central-university-dev/2024-spring-ab-go-hw-3-vlasashk/internal/storage/resources/container.go:49.98,51.16 2 1
github.com/central-university-dev/2024-spring-ab-go-hw-3-vlasashk/internal/storage/resources/container.go:51.16,53.3 1 0
github.com/central-university-dev/2024-spring-ab-go-hw-3-vlasashk/internal/storage/resources/container.go:55.2,55.53 1 1
github.com/central-university-dev/2024-spring-ab-go-hw-3-vlasashk/internal/storage/resources/container.go:55.53,57.3 1 1
github.com/central-university-dev/2024-spring-ab-go-hw-3-vlasashk/internal/storage/resources/container.go:60.67,61.53 1 1
github.com/central-university-dev/2024-spring-ab-go-hw-3-vlasashk/internal/storage/resources/container.go:61.53,63.3 1 1
github.com/central-university-dev/2024-spring-ab-go-hw-3-vlasashk/internal/storage/resources/container.go:66.98,68.16 2 1
github.com/central-university-dev/2024-spring-ab-go-hw-3-vlasashk/internal/storage/resources/container.go:68.16,70.3 1 0
github.com/central-university-dev/2024-spring-ab-go-hw-3-vlasashk/internal/storage/resources/container.go:72.2,72.51 1 1
github.com/central-university-dev/2024-spring-ab-go-hw-3-vlasashk/internal/storage/resources/container.go:72.51,74.17 2 1
github.com/central-university-dev/2024-spring-ab-go-hw-3-vlasashk/internal/storage/resources/container.go:74.17,76.4 1 0
github.com/central-university-dev/2024-spring-ab-go-hw-3-vlasashk/internal/storage/resources/container.go:77.3,77.19 1 1
github.com/central-university-dev/2024-spring-ab-go-hw-3-vlasashk/internal/storage/resources/container.go:81.112,83.16 2 1
github.com/central-university-dev/2024-spring-ab-go-hw-3-vlasashk/internal/storage/resources/container.go:83.16,85.3 1 0
github.com/central-university-dev/2024-spring-ab-go-hw-3-vlasashk/internal/storage/resources/container.go:87.2,87.61 1 1
github.com/central-university-dev/2024-spring-ab-go-hw-3-vlasashk/internal/storage/resources/container.go:87.61,89.3 1 1
